<?xml version="1.0" encoding="UTF-8" ?>
<testsuite errors="0" failures="0" hostname="Sarayuts-MBP" name="RationalTest" skipped="0" tests="8" time="0.16" timestamp="2019-10-04T15:49:57">
  <properties>
[...]
</properties>
  <testcase classname="RationalTest" name="testAdd" time="0.017" />
  <testcase classname="RationalTest" name="testSubtract" time="0.0" />
  <testcase classname="RationalTest" name="testToString" time="0.0" />
  <testcase classname="RationalTest" name="testCompareTo" time="0.003" />
  <testcase classname="RationalTest" name="testRational" time="0.001" />
  <testcase classname="RationalTest" name="testDivide" time="0.001" />
  <testcase classname="RationalTest" name="testEquals" time="0.0" />
  <testcase classname="RationalTest" name="testMultiply" time="0.0" />
  <system-out><![CDATA[]]></system-out>
  <system-err><![CDATA[]]></system-err>
</testsuite>
